<?xml version="1.0" encoding="UTF-8"?>
<testsuite xmlns:xsi="http://www.w3.org/2001/XMLSchema-instance" xsi:noNamespaceSchemaLocation="https://maven.apache.org/surefire/maven-surefire-plugin/xsd/surefire-test-report-3.0.xsd" version="3.0" name="org.derirevest.GreetingResourceTest" time="7.61" tests="1" errors="0" skipped="0" failures="1">
  <properties>
    <property name="java.specification.version" value="16"/>
    <property name="sun.cpu.isalist" value="amd64"/>
    <property name="test.url" value="http://0.0.0.0:8888"/>
    <property name="sun.jnu.encoding" value="Cp1252"/>
    <property name="java.class.path" value="C:\Users\TMind\Desktop\Trabalho\target\test-classes;C:\Users\TMind\Desktop\Trabalho\target\classes;C:\Users\TMind\.m2\repository\io\quarkus\quarkus-resteasy-jackson\2.0.2.Final\quarkus-resteasy-jackson-2.0.2.Final.jar;C:\Users\TMind\.m2\repository\io\quarkus\quarkus-jackson\2.0.2.Final\quarkus-jackson-2.0.2.Final.jar;C:\Users\TMind\.m2\repository\com\fasterxml\jackson\core\jackson-databind\2.12.4\jackson-databind-2.12.4.jar;C:\Users\TMind\.m2\repository\com\fasterxml\jackson\datatype\jackson-datatype-jsr310\2.12.4\jackson-datatype-jsr310-2.12.4.jar;C:\Users\TMind\.m2\repository\com\fasterxml\jackson\datatype\jackson-datatype-jdk8\2.12.4\jackson-datatype-jdk8-2.12.4.jar;C:\Users\TMind\.m2\repository\com\fasterxml\jackson\module\jackson-module-parameter-names\2.12.4\jackson-module-parameter-names-2.12.4.jar;C:\Users\TMind\.m2\repository\org\jboss\resteasy\resteasy-jackson2-provider\4.6.1.Final\resteasy-jackson2-provider-4.6.1.Final.jar;C:\Users\TMind\.m2\repository\com\fasterxml\jackson\core\jackson-core\2.12.4\jackson-core-2.12.4.jar;C:\Users\TMind\.m2\repository\com\fasterxml\jackson\core\jackson-annotations\2.12.4\jackson-annotations-2.12.4.jar;C:\Users\TMind\.m2\repository\com\fasterxml\jackson\jaxrs\jackson-jaxrs-json-provider\2.12.4\jackson-jaxrs-json-provider-2.12.4.jar;C:\Users\TMind\.m2\repository\com\fasterxml\jackson\jaxrs\jackson-jaxrs-base\2.12.4\jackson-jaxrs-base-2.12.4.jar;C:\Users\TMind\.m2\repository\com\fasterxml\jackson\module\jackson-module-jaxb-annotations\2.12.4\jackson-module-jaxb-annotations-2.12.4.jar;C:\Users\TMind\.m2\repository\com\github\java-json-tools\json-patch\1.13\json-patch-1.13.jar;C:\Users\TMind\.m2\repository\com\github\java-json-tools\msg-simple\1.2\msg-simple-1.2.jar;C:\Users\TMind\.m2\repository\com\github\java-json-tools\btf\1.3\btf-1.3.jar;C:\Users\TMind\.m2\repository\com\github\java-json-tools\jackson-coreutils\2.0\jackson-coreutils-2.0.jar;C:\Users\TMind\.m2\repository\org\jboss\logging\jboss-logging\3.4.2.Final\jboss-logging-3.4.2.Final.jar;C:\Users\TMind\.m2\repository\org\jboss\spec\javax\xml\bind\jboss-jaxb-api_2.3_spec\2.0.0.Final\jboss-jaxb-api_2.3_spec-2.0.0.Final.jar;C:\Users\TMind\.m2\repository\io\quarkus\quarkus-oidc\2.0.2.Final\quarkus-oidc-2.0.2.Final.jar;C:\Users\TMind\.m2\repository\io\quarkus\quarkus-core\2.0.2.Final\quarkus-core-2.0.2.Final.jar;C:\Users\TMind\.m2\repository\jakarta\enterprise\jakarta.enterprise.cdi-api\2.0.2\jakarta.enterprise.cdi-api-2.0.2.jar;C:\Users\TMind\.m2\repository\jakarta\el\jakarta.el-api\3.0.3\jakarta.el-api-3.0.3.jar;C:\Users\TMind\.m2\repository\jakarta\inject\jakarta.inject-api\1.0\jakarta.inject-api-1.0.jar;C:\Users\TMind\.m2\repository\io\quarkus\quarkus-ide-launcher\2.0.2.Final\quarkus-ide-launcher-2.0.2.Final.jar;C:\Users\TMind\.m2\repository\io\quarkus\quarkus-development-mode-spi\2.0.2.Final\quarkus-development-mode-spi-2.0.2.Final.jar;C:\Users\TMind\.m2\repository\io\smallrye\config\smallrye-config\2.3.0\smallrye-config-2.3.0.jar;C:\Users\TMind\.m2\repository\io\smallrye\config\smallrye-config-core\2.3.0\smallrye-config-core-2.3.0.jar;C:\Users\TMind\.m2\repository\io\smallrye\common\smallrye-common-expression\1.6.0\smallrye-common-expression-1.6.0.jar;C:\Users\TMind\.m2\repository\io\smallrye\common\smallrye-common-function\1.6.0\smallrye-common-function-1.6.0.jar;C:\Users\TMind\.m2\repository\io\smallrye\common\smallrye-common-constraint\1.6.0\smallrye-common-constraint-1.6.0.jar;C:\Users\TMind\.m2\repository\io\smallrye\common\smallrye-common-classloader\1.6.0\smallrye-common-classloader-1.6.0.jar;C:\Users\TMind\.m2\repository\io\smallrye\config\smallrye-config-common\2.3.0\smallrye-config-common-2.3.0.jar;C:\Users\TMind\.m2\repository\org\jboss\logmanager\jboss-logmanager-embedded\1.0.9\jboss-logmanager-embedded-1.0.9.jar;C:\Users\TMind\.m2\repository\org\jboss\logging\jboss-logging-annotations\2.2.1.Final\jboss-logging-annotations-2.2.1.Final.jar;C:\Users\TMind\.m2\repository\org\jboss\threads\jboss-threads\3.4.0.Final\jboss-threads-3.4.0.Final.jar;C:\Users\TMind\.m2\repository\org\slf4j\slf4j-api\1.7.30\slf4j-api-1.7.30.jar;C:\Users\TMind\.m2\repository\org\jboss\slf4j\slf4j-jboss-logmanager\1.1.0.Final\slf4j-jboss-logmanager-1.1.0.Final.jar;C:\Users\TMind\.m2\repository\org\graalvm\sdk\graal-sdk\21.1.0\graal-sdk-21.1.0.jar;C:\Users\TMind\.m2\repository\org\wildfly\common\wildfly-common\1.5.4.Final-format-001\wildfly-common-1.5.4.Final-format-001.jar;C:\Users\TMind\.m2\repository\io\quarkus\quarkus-bootstrap-runner\2.0.2.Final\quarkus-bootstrap-runner-2.0.2.Final.jar;C:\Users\TMind\.m2\repository\io\quarkus\quarkus-vertx-core\2.0.2.Final\quarkus-vertx-core-2.0.2.Final.jar;C:\Users\TMind\.m2\repository\io\quarkus\quarkus-netty\2.0.2.Final\quarkus-netty-2.0.2.Final.jar;C:\Users\TMind\.m2\repository\io\netty\netty-codec\4.1.65.Final\netty-codec-4.1.65.Final.jar;C:\Users\TMind\.m2\repository\io\netty\netty-codec-http\4.1.65.Final\netty-codec-http-4.1.65.Final.jar;C:\Users\TMind\.m2\repository\io\netty\netty-codec-http2\4.1.65.Final\netty-codec-http2-4.1.65.Final.jar;C:\Users\TMind\.m2\repository\io\netty\netty-handler\4.1.65.Final\netty-handler-4.1.65.Final.jar;C:\Users\TMind\.m2\repository\io\netty\netty-codec-haproxy\4.1.65.Final\netty-codec-haproxy-4.1.65.Final.jar;C:\Users\TMind\.m2\repository\io\netty\netty-buffer\4.1.65.Final\netty-buffer-4.1.65.Final.jar;C:\Users\TMind\.m2\repository\io\netty\netty-transport\4.1.65.Final\netty-transport-4.1.65.Final.jar;C:\Users\TMind\.m2\repository\io\vertx\vertx-core\4.1.0\vertx-core-4.1.0.jar;C:\Users\TMind\.m2\repository\io\netty\netty-common\4.1.65.Final\netty-common-4.1.65.Final.jar;C:\Users\TMind\.m2\repository\io\netty\netty-handler-proxy\4.1.65.Final\netty-handler-proxy-4.1.65.Final.jar;C:\Users\TMind\.m2\repository\io\netty\netty-codec-socks\4.1.65.Final\netty-codec-socks-4.1.65.Final.jar;C:\Users\TMind\.m2\repository\io\netty\netty-resolver\4.1.65.Final\netty-resolver-4.1.65.Final.jar;C:\Users\TMind\.m2\repository\io\netty\netty-resolver-dns\4.1.65.Final\netty-resolver-dns-4.1.65.Final.jar;C:\Users\TMind\.m2\repository\io\netty\netty-codec-dns\4.1.65.Final\netty-codec-dns-4.1.65.Final.jar;C:\Users\TMind\.m2\repository\io\quarkus\quarkus-vertx-http\2.0.2.Final\quarkus-vertx-http-2.0.2.Final.jar;C:\Users\TMind\.m2\repository\io\quarkus\quarkus-security-runtime-spi\2.0.2.Final\quarkus-security-runtime-spi-2.0.2.Final.jar;C:\Users\TMind\.m2\repository\io\quarkus\quarkus-vertx-http-dev-console-runtime-spi\2.0.2.Final\quarkus-vertx-http-dev-console-runtime-spi-2.0.2.Final.jar;C:\Users\TMind\.m2\repository\io\quarkus\security\quarkus-security\1.1.4.Final\quarkus-security-1.1.4.Final.jar;C:\Users\TMind\.m2\repository\io\vertx\vertx-web\4.1.0\vertx-web-4.1.0.jar;C:\Users\TMind\.m2\repository\io\vertx\vertx-web-common\4.1.0\vertx-web-common-4.1.0.jar;C:\Users\TMind\.m2\repository\io\vertx\vertx-auth-common\4.1.0\vertx-auth-common-4.1.0.jar;C:\Users\TMind\.m2\repository\io\vertx\vertx-bridge-common\4.1.0\vertx-bridge-common-4.1.0.jar;C:\Users\TMind\.m2\repository\io\quarkus\quarkus-security\2.0.2.Final\quarkus-security-2.0.2.Final.jar;C:\Users\TMind\.m2\repository\jakarta\interceptor\jakarta.interceptor-api\1.2.5\jakarta.interceptor-api-1.2.5.jar;C:\Users\TMind\.m2\repository\io\quarkus\quarkus-jsonp\2.0.2.Final\quarkus-jsonp-2.0.2.Final.jar;C:\Users\TMind\.m2\repository\org\glassfish\jakarta.json\1.1.6\jakarta.json-1.1.6.jar;C:\Users\TMind\.m2\repository\io\quarkus\quarkus-oidc-common\2.0.2.Final\quarkus-oidc-common-2.0.2.Final.jar;C:\Users\TMind\.m2\repository\io\smallrye\reactive\smallrye-mutiny-vertx-web-client\2.7.0\smallrye-mutiny-vertx-web-client-2.7.0.jar;C:\Users\TMind\.m2\repository\io\vertx\vertx-web-client\4.1.0\vertx-web-client-4.1.0.jar;C:\Users\TMind\.m2\repository\io\smallrye\reactive\smallrye-mutiny-vertx-core\2.7.0\smallrye-mutiny-vertx-core-2.7.0.jar;C:\Users\TMind\.m2\repository\io\smallrye\reactive\smallrye-mutiny-vertx-runtime\2.7.0\smallrye-mutiny-vertx-runtime-2.7.0.jar;C:\Users\TMind\.m2\repository\io\smallrye\reactive\vertx-mutiny-generator\2.7.0\vertx-mutiny-generator-2.7.0.jar;C:\Users\TMind\.m2\repository\io\vertx\vertx-codegen\4.1.0\vertx-codegen-4.1.0.jar;C:\Users\TMind\.m2\repository\io\smallrye\reactive\smallrye-mutiny-vertx-auth-common\2.7.0\smallrye-mutiny-vertx-auth-common-2.7.0.jar;C:\Users\TMind\.m2\repository\io\smallrye\reactive\smallrye-mutiny-vertx-web-common\2.7.0\smallrye-mutiny-vertx-web-common-2.7.0.jar;C:\Users\TMind\.m2\repository\io\quarkus\quarkus-smallrye-jwt-build\2.0.2.Final\quarkus-smallrye-jwt-build-2.0.2.Final.jar;C:\Users\TMind\.m2\repository\io\smallrye\smallrye-jwt-build\3.2.0\smallrye-jwt-build-3.2.0.jar;C:\Users\TMind\.m2\repository\io\smallrye\smallrye-jwt\3.2.0\smallrye-jwt-3.2.0.jar;C:\Users\TMind\.m2\repository\org\eclipse\microprofile\config\microprofile-config-api\2.0\microprofile-config-api-2.0.jar;C:\Users\TMind\.m2\repository\org\eclipse\microprofile\jwt\microprofile-jwt-auth-api\1.2\microprofile-jwt-auth-api-1.2.jar;C:\Users\TMind\.m2\repository\org\bitbucket\b_c\jose4j\0.7.7\jose4j-0.7.7.jar;C:\Users\TMind\.m2\repository\io\smallrye\smallrye-jwt-common\3.2.0\smallrye-jwt-common-3.2.0.jar;C:\Users\TMind\.m2\repository\jakarta\annotation\jakarta.annotation-api\1.3.5\jakarta.annotation-api-1.3.5.jar;C:\Users\TMind\.m2\repository\io\quarkus\quarkus-keycloak-authorization\2.0.2.Final\quarkus-keycloak-authorization-2.0.2.Final.jar;C:\Users\TMind\.m2\repository\org\keycloak\keycloak-adapter-core\14.0.0\keycloak-adapter-core-14.0.0.jar;C:\Users\TMind\.m2\repository\org\keycloak\keycloak-core\14.0.0\keycloak-core-14.0.0.jar;C:\Users\TMind\.m2\repository\org\keycloak\keycloak-common\14.0.0\keycloak-common-14.0.0.jar;C:\Users\TMind\.m2\repository\org\bouncycastle\bcprov-jdk15on\1.68\bcprov-jdk15on-1.68.jar;C:\Users\TMind\.m2\repository\org\bouncycastle\bcpkix-jdk15on\1.68\bcpkix-jdk15on-1.68.jar;C:\Users\TMind\.m2\repository\org\keycloak\keycloak-adapter-spi\14.0.0\keycloak-adapter-spi-14.0.0.jar;C:\Users\TMind\.m2\repository\org\keycloak\keycloak-authz-client\14.0.0\keycloak-authz-client-14.0.0.jar;C:\Users\TMind\.m2\repository\io\quarkus\quarkus-apache-httpclient\2.0.2.Final\quarkus-apache-httpclient-2.0.2.Final.jar;C:\Users\TMind\.m2\repository\org\jboss\logging\commons-logging-jboss-logging\1.0.0.Final\commons-logging-jboss-logging-1.0.0.Final.jar;C:\Users\TMind\.m2\repository\io\quarkus\quarkus-arc\2.0.2.Final\quarkus-arc-2.0.2.Final.jar;C:\Users\TMind\.m2\repository\io\quarkus\arc\arc\2.0.2.Final\arc-2.0.2.Final.jar;C:\Users\TMind\.m2\repository\org\eclipse\microprofile\context-propagation\microprofile-context-propagation-api\1.2\microprofile-context-propagation-api-1.2.jar;C:\Users\TMind\.m2\repository\io\quarkus\quarkus-resteasy\2.0.2.Final\quarkus-resteasy-2.0.2.Final.jar;C:\Users\TMind\.m2\repository\io\quarkus\quarkus-resteasy-server-common\2.0.2.Final\quarkus-resteasy-server-common-2.0.2.Final.jar;C:\Users\TMind\.m2\repository\io\quarkus\quarkus-resteasy-common\2.0.2.Final\quarkus-resteasy-common-2.0.2.Final.jar;C:\Users\TMind\.m2\repository\org\jboss\resteasy\resteasy-core\4.6.1.Final\resteasy-core-4.6.1.Final.jar;C:\Users\TMind\.m2\repository\org\jboss\spec\javax\ws\rs\jboss-jaxrs-api_2.1_spec\2.0.1.Final\jboss-jaxrs-api_2.1_spec-2.0.1.Final.jar;C:\Users\TMind\.m2\repository\org\jboss\resteasy\resteasy-core-spi\4.6.1.Final\resteasy-core-spi-4.6.1.Final.jar;C:\Users\TMind\.m2\repository\com\ibm\async\asyncutil\0.1.0\asyncutil-0.1.0.jar;C:\Users\TMind\.m2\repository\jakarta\validation\jakarta.validation-api\2.0.2\jakarta.validation-api-2.0.2.jar;C:\Users\TMind\.m2\repository\io\quarkus\quarkus-junit5\2.0.2.Final\quarkus-junit5-2.0.2.Final.jar;C:\Users\TMind\.m2\repository\io\quarkus\quarkus-bootstrap-core\2.0.2.Final\quarkus-bootstrap-core-2.0.2.Final.jar;C:\Users\TMind\.m2\repository\io\quarkus\quarkus-bootstrap-app-model\2.0.2.Final\quarkus-bootstrap-app-model-2.0.2.Final.jar;C:\Users\TMind\.m2\repository\io\quarkus\quarkus-bootstrap-maven-resolver\2.0.2.Final\quarkus-bootstrap-maven-resolver-2.0.2.Final.jar;C:\Users\TMind\.m2\repository\org\apache\maven\maven-embedder\3.8.1\maven-embedder-3.8.1.jar;C:\Users\TMind\.m2\repository\org\apache\maven\maven-settings\3.8.1\maven-settings-3.8.1.jar;C:\Users\TMind\.m2\repository\org\apache\maven\maven-core\3.8.1\maven-core-3.8.1.jar;C:\Users\TMind\.m2\repository\org\apache\maven\maven-artifact\3.8.1\maven-artifact-3.8.1.jar;C:\Users\TMind\.m2\repository\org\codehaus\plexus\plexus-component-annotations\2.1.0\plexus-component-annotations-2.1.0.jar;C:\Users\TMind\.m2\repository\org\apache\maven\maven-plugin-api\3.8.1\maven-plugin-api-3.8.1.jar;C:\Users\TMind\.m2\repository\org\apache\maven\maven-model\3.8.1\maven-model-3.8.1.jar;C:\Users\TMind\.m2\repository\org\apache\maven\maven-model-builder\3.8.1\maven-model-builder-3.8.1.jar;C:\Users\TMind\.m2\repository\org\apache\maven\maven-builder-support\3.8.1\maven-builder-support-3.8.1.jar;C:\Users\TMind\.m2\repository\org\apache\maven\resolver\maven-resolver-api\1.6.2\maven-resolver-api-1.6.2.jar;C:\Users\TMind\.m2\repository\org\apache\maven\resolver\maven-resolver-util\1.6.2\maven-resolver-util-1.6.2.jar;C:\Users\TMind\.m2\repository\org\apache\maven\shared\maven-shared-utils\3.3.3\maven-shared-utils-3.3.3.jar;C:\Users\TMind\.m2\repository\com\google\inject\guice\4.2.1\guice-4.2.1-no_aop.jar;C:\Users\TMind\.m2\repository\com\google\guava\guava\30.1.1-jre\guava-30.1.1-jre.jar;C:\Users\TMind\.m2\repository\com\google\guava\failureaccess\1.0.1\failureaccess-1.0.1.jar;C:\Users\TMind\.m2\repository\com\google\guava\listenablefuture\9999.0-empty-to-avoid-conflict-with-guava\listenablefuture-9999.0-empty-to-avoid-conflict-with-guava.jar;C:\Users\TMind\.m2\repository\org\codehaus\plexus\plexus-utils\3.2.1\plexus-utils-3.2.1.jar;C:\Users\TMind\.m2\repository\org\codehaus\plexus\plexus-classworlds\2.6.0\plexus-classworlds-2.6.0.jar;C:\Users\TMind\.m2\repository\commons-cli\commons-cli\1.4\commons-cli-1.4.jar;C:\Users\TMind\.m2\repository\org\eclipse\sisu\org.eclipse.sisu.plexus\0.3.4\org.eclipse.sisu.plexus-0.3.4.jar;C:\Users\TMind\.m2\repository\org\apache\maven\maven-settings-builder\3.8.1\maven-settings-builder-3.8.1.jar;C:\Users\TMind\.m2\repository\org\codehaus\plexus\plexus-interpolation\1.25\plexus-interpolation-1.25.jar;C:\Users\TMind\.m2\repository\org\sonatype\plexus\plexus-sec-dispatcher\1.4\plexus-sec-dispatcher-1.4.jar;C:\Users\TMind\.m2\repository\org\sonatype\plexus\plexus-cipher\1.4\plexus-cipher-1.4.jar;C:\Users\TMind\.m2\repository\org\apache\maven\maven-resolver-provider\3.8.1\maven-resolver-provider-3.8.1.jar;C:\Users\TMind\.m2\repository\org\apache\maven\maven-repository-metadata\3.8.1\maven-repository-metadata-3.8.1.jar;C:\Users\TMind\.m2\repository\org\apache\maven\resolver\maven-resolver-spi\1.6.2\maven-resolver-spi-1.6.2.jar;C:\Users\TMind\.m2\repository\org\apache\maven\resolver\maven-resolver-impl\1.6.2\maven-resolver-impl-1.6.2.jar;C:\Users\TMind\.m2\repository\org\apache\maven\resolver\maven-resolver-connector-basic\1.6.2\maven-resolver-connector-basic-1.6.2.jar;C:\Users\TMind\.m2\repository\org\apache\maven\resolver\maven-resolver-transport-wagon\1.6.2\maven-resolver-transport-wagon-1.6.2.jar;C:\Users\TMind\.m2\repository\org\apache\maven\wagon\wagon-http\3.4.3\wagon-http-3.4.3.jar;C:\Users\TMind\.m2\repository\org\apache\maven\wagon\wagon-http-shared\3.4.3\wagon-http-shared-3.4.3.jar;C:\Users\TMind\.m2\repository\org\jsoup\jsoup\1.12.1\jsoup-1.12.1.jar;C:\Users\TMind\.m2\repository\org\apache\maven\wagon\wagon-provider-api\3.4.3\wagon-provider-api-3.4.3.jar;C:\Users\TMind\.m2\repository\org\apache\maven\wagon\wagon-file\3.4.3\wagon-file-3.4.3.jar;C:\Users\TMind\.m2\repository\io\quarkus\quarkus-bootstrap-gradle-resolver\2.0.2.Final\quarkus-bootstrap-gradle-resolver-2.0.2.Final.jar;C:\Users\TMind\.m2\repository\io\smallrye\common\smallrye-common-io\1.6.0\smallrye-common-io-1.6.0.jar;C:\Users\TMind\.m2\repository\org\eclipse\sisu\org.eclipse.sisu.inject\0.3.4\org.eclipse.sisu.inject-0.3.4.jar;C:\Users\TMind\.m2\repository\io\quarkus\quarkus-test-common\2.0.2.Final\quarkus-test-common-2.0.2.Final.jar;C:\Users\TMind\.m2\repository\io\quarkus\quarkus-core-deployment\2.0.2.Final\quarkus-core-deployment-2.0.2.Final.jar;C:\Users\TMind\.m2\repository\org\aesh\readline\2.1\readline-2.1.jar;C:\Users\TMind\.m2\repository\org\fusesource\jansi\jansi\1.18\jansi-1.18.jar;C:\Users\TMind\.m2\repository\io\quarkus\gizmo\gizmo\1.0.9.Final\gizmo-1.0.9.Final.jar;C:\Users\TMind\.m2\repository\org\ow2\asm\asm-util\9.1\asm-util-9.1.jar;C:\Users\TMind\.m2\repository\org\ow2\asm\asm-tree\9.1\asm-tree-9.1.jar;C:\Users\TMind\.m2\repository\org\ow2\asm\asm-analysis\9.1\asm-analysis-9.1.jar;C:\Users\TMind\.m2\repository\org\ow2\asm\asm\9.1\asm-9.1.jar;C:\Users\TMind\.m2\repository\io\quarkus\quarkus-class-change-agent\2.0.2.Final\quarkus-class-change-agent-2.0.2.Final.jar;C:\Users\TMind\.m2\repository\io\quarkus\quarkus-devtools-utilities\2.0.2.Final\quarkus-devtools-utilities-2.0.2.Final.jar;C:\Users\TMind\.m2\repository\io\quarkus\quarkus-builder\2.0.2.Final\quarkus-builder-2.0.2.Final.jar;C:\Users\TMind\.m2\repository\org\junit\platform\junit-platform-launcher\1.7.2\junit-platform-launcher-1.7.2.jar;C:\Users\TMind\.m2\repository\io\quarkus\quarkus-jsonp-deployment\2.0.2.Final\quarkus-jsonp-deployment-2.0.2.Final.jar;C:\Users\TMind\.m2\repository\org\jboss\jandex\2.3.0.Final\jandex-2.3.0.Final.jar;C:\Users\TMind\.m2\repository\org\junit\jupiter\junit-jupiter\5.7.2\junit-jupiter-5.7.2.jar;C:\Users\TMind\.m2\repository\org\junit\jupiter\junit-jupiter-api\5.7.2\junit-jupiter-api-5.7.2.jar;C:\Users\TMind\.m2\repository\org\apiguardian\apiguardian-api\1.1.0\apiguardian-api-1.1.0.jar;C:\Users\TMind\.m2\repository\org\opentest4j\opentest4j\1.2.0\opentest4j-1.2.0.jar;C:\Users\TMind\.m2\repository\org\junit\platform\junit-platform-commons\1.7.2\junit-platform-commons-1.7.2.jar;C:\Users\TMind\.m2\repository\org\junit\jupiter\junit-jupiter-params\5.7.2\junit-jupiter-params-5.7.2.jar;C:\Users\TMind\.m2\repository\org\junit\jupiter\junit-jupiter-engine\5.7.2\junit-jupiter-engine-5.7.2.jar;C:\Users\TMind\.m2\repository\org\junit\platform\junit-platform-engine\1.7.2\junit-platform-engine-1.7.2.jar;C:\Users\TMind\.m2\repository\com\thoughtworks\xstream\xstream\1.4.17\xstream-1.4.17.jar;C:\Users\TMind\.m2\repository\io\github\x-stream\mxparser\1.2.1\mxparser-1.2.1.jar;C:\Users\TMind\.m2\repository\xmlpull\xmlpull\1.1.3.1\xmlpull-1.1.3.1.jar;C:\Users\TMind\.m2\repository\io\rest-assured\rest-assured\4.4.0\rest-assured-4.4.0.jar;C:\Users\TMind\.m2\repository\org\codehaus\groovy\groovy\3.0.8\groovy-3.0.8.jar;C:\Users\TMind\.m2\repository\org\codehaus\groovy\groovy-xml\3.0.8\groovy-xml-3.0.8.jar;C:\Users\TMind\.m2\repository\org\apache\httpcomponents\httpclient\4.5.13\httpclient-4.5.13.jar;C:\Users\TMind\.m2\repository\org\apache\httpcomponents\httpcore\4.4.14\httpcore-4.4.14.jar;C:\Users\TMind\.m2\repository\commons-codec\commons-codec\1.15\commons-codec-1.15.jar;C:\Users\TMind\.m2\repository\org\apache\httpcomponents\httpmime\4.5.13\httpmime-4.5.13.jar;C:\Users\TMind\.m2\repository\org\hamcrest\hamcrest\2.1\hamcrest-2.1.jar;C:\Users\TMind\.m2\repository\org\ccil\cowan\tagsoup\tagsoup\1.2.1\tagsoup-1.2.1.jar;C:\Users\TMind\.m2\repository\io\rest-assured\json-path\4.4.0\json-path-4.4.0.jar;C:\Users\TMind\.m2\repository\org\codehaus\groovy\groovy-json\3.0.8\groovy-json-3.0.8.jar;C:\Users\TMind\.m2\repository\io\rest-assured\rest-assured-common\4.4.0\rest-assured-common-4.4.0.jar;C:\Users\TMind\.m2\repository\io\rest-assured\xml-path\4.4.0\xml-path-4.4.0.jar;C:\Users\TMind\.m2\repository\org\apache\commons\commons-lang3\3.12.0\commons-lang3-3.12.0.jar;C:\Users\TMind\.m2\repository\jakarta\xml\bind\jakarta.xml.bind-api\2.3.3\jakarta.xml.bind-api-2.3.3.jar;C:\Users\TMind\.m2\repository\jakarta\activation\jakarta.activation-api\1.2.1\jakarta.activation-api-1.2.1.jar;C:\Users\TMind\.m2\repository\com\sun\xml\bind\jaxb-impl\2.3.3\jaxb-impl-2.3.3.jar;C:\Users\TMind\.m2\repository\org\jboss\logmanager\log4j2-jboss-logmanager\1.0.0.Final\log4j2-jboss-logmanager-1.0.0.Final.jar;C:\Users\TMind\.m2\repository\org\apache\logging\log4j\log4j-api\2.14.0\log4j-api-2.14.0.jar;C:\Users\TMind\.m2\repository\io\quarkus\quarkus-hibernate-orm\2.0.2.Final\quarkus-hibernate-orm-2.0.2.Final.jar;C:\Users\TMind\.m2\repository\io\quarkus\quarkus-agroal\2.0.2.Final\quarkus-agroal-2.0.2.Final.jar;C:\Users\TMind\.m2\repository\io\quarkus\quarkus-datasource\2.0.2.Final\quarkus-datasource-2.0.2.Final.jar;C:\Users\TMind\.m2\repository\io\quarkus\quarkus-datasource-common\2.0.2.Final\quarkus-datasource-common-2.0.2.Final.jar;C:\Users\TMind\.m2\repository\org\jboss\narayana\jta\narayana-jta\5.11.2.Final\narayana-jta-5.11.2.Final.jar;C:\Users\TMind\.m2\repository\org\jboss\jboss-transaction-spi\7.6.0.Final\jboss-transaction-spi-7.6.0.Final.jar;C:\Users\TMind\.m2\repository\org\jboss\spec\javax\resource\jboss-connector-api_1.7_spec\1.0.0.Final\jboss-connector-api_1.7_spec-1.0.0.Final.jar;C:\Users\TMind\.m2\repository\org\jboss\narayana\jts\narayana-jts-integration\5.11.2.Final\narayana-jts-integration-5.11.2.Final.jar;C:\Users\TMind\.m2\repository\io\agroal\agroal-api\1.11\agroal-api-1.11.jar;C:\Users\TMind\.m2\repository\io\agroal\agroal-narayana\1.11\agroal-narayana-1.11.jar;C:\Users\TMind\.m2\repository\io\agroal\agroal-pool\1.11\agroal-pool-1.11.jar;C:\Users\TMind\.m2\repository\io\quarkus\quarkus-credentials\2.0.2.Final\quarkus-credentials-2.0.2.Final.jar;C:\Users\TMind\.m2\repository\io\quarkus\quarkus-narayana-jta\2.0.2.Final\quarkus-narayana-jta-2.0.2.Final.jar;C:\Users\TMind\.m2\repository\io\smallrye\smallrye-context-propagation-jta\1.2.0\smallrye-context-propagation-jta-1.2.0.jar;C:\Users\TMind\.m2\repository\io\smallrye\reactive\smallrye-reactive-converter-api\2.6.0\smallrye-reactive-converter-api-2.6.0.jar;C:\Users\TMind\.m2\repository\io\smallrye\reactive\smallrye-reactive-converter-mutiny\2.6.0\smallrye-reactive-converter-mutiny-2.6.0.jar;C:\Users\TMind\.m2\repository\org\hibernate\hibernate-core\5.5.3.Final\hibernate-core-5.5.3.Final.jar;C:\Users\TMind\.m2\repository\net\bytebuddy\byte-buddy\1.10.22\byte-buddy-1.10.22.jar;C:\Users\TMind\.m2\repository\antlr\antlr\2.7.7\antlr-2.7.7.jar;C:\Users\TMind\.m2\repository\com\fasterxml\classmate\1.5.1\classmate-1.5.1.jar;C:\Users\TMind\.m2\repository\org\hibernate\common\hibernate-commons-annotations\5.1.2.Final\hibernate-commons-annotations-5.1.2.Final.jar;C:\Users\TMind\.m2\repository\org\hibernate\hibernate-graalvm\5.5.3.Final\hibernate-graalvm-5.5.3.Final.jar;C:\Users\TMind\.m2\repository\org\glassfish\jaxb\jaxb-runtime\2.3.3-b02\jaxb-runtime-2.3.3-b02.jar;C:\Users\TMind\.m2\repository\org\glassfish\jaxb\txw2\2.3.3-b02\txw2-2.3.3-b02.jar;C:\Users\TMind\.m2\repository\com\sun\istack\istack-commons-runtime\3.0.10\istack-commons-runtime-3.0.10.jar;C:\Users\TMind\.m2\repository\com\sun\activation\jakarta.activation\1.2.1\jakarta.activation-1.2.1.jar;C:\Users\TMind\.m2\repository\jakarta\persistence\jakarta.persistence-api\2.2.3\jakarta.persistence-api-2.2.3.jar;C:\Users\TMind\.m2\repository\jakarta\transaction\jakarta.transaction-api\1.3.3\jakarta.transaction-api-1.3.3.jar;C:\Users\TMind\.m2\repository\org\hibernate\quarkus-local-cache\0.1.0\quarkus-local-cache-0.1.0.jar;C:\Users\TMind\.m2\repository\com\github\ben-manes\caffeine\caffeine\2.9.1\caffeine-2.9.1.jar;C:\Users\TMind\.m2\repository\com\google\errorprone\error_prone_annotations\2.2.0\error_prone_annotations-2.2.0.jar;C:\Users\TMind\.m2\repository\io\quarkus\quarkus-caffeine\2.0.2.Final\quarkus-caffeine-2.0.2.Final.jar;C:\Users\TMind\.m2\repository\io\quarkus\quarkus-jdbc-postgresql\2.0.2.Final\quarkus-jdbc-postgresql-2.0.2.Final.jar;C:\Users\TMind\.m2\repository\org\postgresql\postgresql\42.2.22\postgresql-42.2.22.jar;C:\Users\TMind\.m2\repository\io\quarkus\quarkus-mongodb-client\2.0.2.Final\quarkus-mongodb-client-2.0.2.Final.jar;C:\Users\TMind\.m2\repository\io\quarkus\quarkus-mutiny\2.0.2.Final\quarkus-mutiny-2.0.2.Final.jar;C:\Users\TMind\.m2\repository\io\smallrye\reactive\mutiny\0.17.0\mutiny-0.17.0.jar;C:\Users\TMind\.m2\repository\io\smallrye\common\smallrye-common-annotation\1.6.0\smallrye-common-annotation-1.6.0.jar;C:\Users\TMind\.m2\repository\io\quarkus\quarkus-smallrye-context-propagation\2.0.2.Final\quarkus-smallrye-context-propagation-2.0.2.Final.jar;C:\Users\TMind\.m2\repository\io\smallrye\smallrye-context-propagation\1.2.0\smallrye-context-propagation-1.2.0.jar;C:\Users\TMind\.m2\repository\io\smallrye\smallrye-context-propagation-api\1.2.0\smallrye-context-propagation-api-1.2.0.jar;C:\Users\TMind\.m2\repository\io\smallrye\smallrye-context-propagation-storage\1.2.0\smallrye-context-propagation-storage-1.2.0.jar;C:\Users\TMind\.m2\repository\io\smallrye\reactive\mutiny-smallrye-context-propagation\0.17.0\mutiny-smallrye-context-propagation-0.17.0.jar;C:\Users\TMind\.m2\repository\io\quarkus\quarkus-mutiny-reactive-streams-operators\2.0.2.Final\quarkus-mutiny-reactive-streams-operators-2.0.2.Final.jar;C:\Users\TMind\.m2\repository\org\eclipse\microprofile\reactive-streams-operators\microprofile-reactive-streams-operators-api\1.0.1\microprofile-reactive-streams-operators-api-1.0.1.jar;C:\Users\TMind\.m2\repository\org\eclipse\microprofile\reactive-streams-operators\microprofile-reactive-streams-operators-core\1.0.1\microprofile-reactive-streams-operators-core-1.0.1.jar;C:\Users\TMind\.m2\repository\io\smallrye\reactive\mutiny-reactive-streams-operators\0.17.0\mutiny-reactive-streams-operators-0.17.0.jar;C:\Users\TMind\.m2\repository\org\mongodb\mongodb-driver-sync\4.2.3\mongodb-driver-sync-4.2.3.jar;C:\Users\TMind\.m2\repository\org\mongodb\bson\4.2.3\bson-4.2.3.jar;C:\Users\TMind\.m2\repository\org\mongodb\mongodb-driver-core\4.2.3\mongodb-driver-core-4.2.3.jar;C:\Users\TMind\.m2\repository\org\mongodb\mongodb-driver-reactivestreams\4.2.3\mongodb-driver-reactivestreams-4.2.3.jar;C:\Users\TMind\.m2\repository\org\reactivestreams\reactive-streams\1.0.3\reactive-streams-1.0.3.jar;C:\Users\TMind\.m2\repository\io\projectreactor\reactor-core\3.4.5\reactor-core-3.4.5.jar;C:\Users\TMind\.m2\repository\org\mongodb\mongodb-crypt\1.2.0\mongodb-crypt-1.2.0.jar;C:\Users\TMind\.m2\repository\net\java\dev\jna\jna\5.3.1\jna-5.3.1.jar;C:\Users\TMind\.m2\repository\io\quarkus\quarkus-resteasy-jsonb\2.0.2.Final\quarkus-resteasy-jsonb-2.0.2.Final.jar;C:\Users\TMind\.m2\repository\io\quarkus\quarkus-jsonb\2.0.2.Final\quarkus-jsonb-2.0.2.Final.jar;C:\Users\TMind\.m2\repository\org\eclipse\yasson\1.0.9\yasson-1.0.9.jar;C:\Users\TMind\.m2\repository\org\jboss\resteasy\resteasy-json-binding-provider\4.6.1.Final\resteasy-json-binding-provider-4.6.1.Final.jar;C:\Users\TMind\.m2\repository\jakarta\json\bind\jakarta.json.bind-api\1.0.2\jakarta.json.bind-api-1.0.2.jar;C:\Users\TMind\.m2\repository\org\jboss\resteasy\resteasy-json-p-provider\4.6.1.Final\resteasy-json-p-provider-4.6.1.Final.jar;C:\Users\TMind\.m2\repository\commons-io\commons-io\2.8.0\commons-io-2.8.0.jar;C:\Users\TMind\.m2\repository\io\quarkus\quarkus-resteasy-qute\2.0.2.Final\quarkus-resteasy-qute-2.0.2.Final.jar;C:\Users\TMind\.m2\repository\io\quarkus\quarkus-qute\2.0.2.Final\quarkus-qute-2.0.2.Final.jar;C:\Users\TMind\.m2\repository\io\quarkus\qute\qute-core\2.0.2.Final\qute-core-2.0.2.Final.jar;C:\Users\TMind\.m2\repository\io\quarkus\quarkus-funqy-http\2.0.2.Final\quarkus-funqy-http-2.0.2.Final.jar;C:\Users\TMind\.m2\repository\io\quarkus\quarkus-funqy-server-common\2.0.2.Final\quarkus-funqy-server-common-2.0.2.Final.jar;"/>
    <property name="java.vm.vendor" value="Oracle Corporation"/>
    <property name="sun.arch.data.model" value="64"/>
    <property name="user.variant" value=""/>
    <property name="java.vendor.url" value="https://java.oracle.com/"/>
    <property name="user.timezone" value="Europe/Lisbon"/>
    <property name="os.name" value="Windows 10"/>
    <property name="java.vm.specification.version" value="16"/>
    <property name="sun.java.launcher" value="SUN_STANDARD"/>
    <property name="user.country" value="PT"/>
    <property name="sun.boot.library.path" value="C:\java\java-16\jdk-16.0.2\bin"/>
    <property name="sun.java.command" value="C:\Users\TMind\AppData\Local\Temp\surefire5389872910270992907\surefirebooter9308430087513529618.jar C:\Users\TMind\AppData\Local\Temp\surefire5389872910270992907 2021-10-09T09-49-15_313-jvmRun1 surefire8402415042112175917tmp surefire_0382369700742465011tmp"/>
    <property name="maven.home" value="C:\Users\TMind\.m2\wrapper\dists\apache-maven-3.8.1-bin\2l5mhf2pq2clrde7f7qp1rdt5m\apache-maven-3.8.1"/>
    <property name="jdk.debug" value="release"/>
    <property name="surefire.test.class.path" value="C:\Users\TMind\Desktop\Trabalho\target\test-classes;C:\Users\TMind\Desktop\Trabalho\target\classes;C:\Users\TMind\.m2\repository\io\quarkus\quarkus-resteasy-jackson\2.0.2.Final\quarkus-resteasy-jackson-2.0.2.Final.jar;C:\Users\TMind\.m2\repository\io\quarkus\quarkus-jackson\2.0.2.Final\quarkus-jackson-2.0.2.Final.jar;C:\Users\TMind\.m2\repository\com\fasterxml\jackson\core\jackson-databind\2.12.4\jackson-databind-2.12.4.jar;C:\Users\TMind\.m2\repository\com\fasterxml\jackson\datatype\jackson-datatype-jsr310\2.12.4\jackson-datatype-jsr310-2.12.4.jar;C:\Users\TMind\.m2\repository\com\fasterxml\jackson\datatype\jackson-datatype-jdk8\2.12.4\jackson-datatype-jdk8-2.12.4.jar;C:\Users\TMind\.m2\repository\com\fasterxml\jackson\module\jackson-module-parameter-names\2.12.4\jackson-module-parameter-names-2.12.4.jar;C:\Users\TMind\.m2\repository\org\jboss\resteasy\resteasy-jackson2-provider\4.6.1.Final\resteasy-jackson2-provider-4.6.1.Final.jar;C:\Users\TMind\.m2\repository\com\fasterxml\jackson\core\jackson-core\2.12.4\jackson-core-2.12.4.jar;C:\Users\TMind\.m2\repository\com\fasterxml\jackson\core\jackson-annotations\2.12.4\jackson-annotations-2.12.4.jar;C:\Users\TMind\.m2\repository\com\fasterxml\jackson\jaxrs\jackson-jaxrs-json-provider\2.12.4\jackson-jaxrs-json-provider-2.12.4.jar;C:\Users\TMind\.m2\repository\com\fasterxml\jackson\jaxrs\jackson-jaxrs-base\2.12.4\jackson-jaxrs-base-2.12.4.jar;C:\Users\TMind\.m2\repository\com\fasterxml\jackson\module\jackson-module-jaxb-annotations\2.12.4\jackson-module-jaxb-annotations-2.12.4.jar;C:\Users\TMind\.m2\repository\com\github\java-json-tools\json-patch\1.13\json-patch-1.13.jar;C:\Users\TMind\.m2\repository\com\github\java-json-tools\msg-simple\1.2\msg-simple-1.2.jar;C:\Users\TMind\.m2\repository\com\github\java-json-tools\btf\1.3\btf-1.3.jar;C:\Users\TMind\.m2\repository\com\github\java-json-tools\jackson-coreutils\2.0\jackson-coreutils-2.0.jar;C:\Users\TMind\.m2\repository\org\jboss\logging\jboss-logging\3.4.2.Final\jboss-logging-3.4.2.Final.jar;C:\Users\TMind\.m2\repository\org\jboss\spec\javax\xml\bind\jboss-jaxb-api_2.3_spec\2.0.0.Final\jboss-jaxb-api_2.3_spec-2.0.0.Final.jar;C:\Users\TMind\.m2\repository\io\quarkus\quarkus-oidc\2.0.2.Final\quarkus-oidc-2.0.2.Final.jar;C:\Users\TMind\.m2\repository\io\quarkus\quarkus-core\2.0.2.Final\quarkus-core-2.0.2.Final.jar;C:\Users\TMind\.m2\repository\jakarta\enterprise\jakarta.enterprise.cdi-api\2.0.2\jakarta.enterprise.cdi-api-2.0.2.jar;C:\Users\TMind\.m2\repository\jakarta\el\jakarta.el-api\3.0.3\jakarta.el-api-3.0.3.jar;C:\Users\TMind\.m2\repository\jakarta\inject\jakarta.inject-api\1.0\jakarta.inject-api-1.0.jar;C:\Users\TMind\.m2\repository\io\quarkus\quarkus-ide-launcher\2.0.2.Final\quarkus-ide-launcher-2.0.2.Final.jar;C:\Users\TMind\.m2\repository\io\quarkus\quarkus-development-mode-spi\2.0.2.Final\quarkus-development-mode-spi-2.0.2.Final.jar;C:\Users\TMind\.m2\repository\io\smallrye\config\smallrye-config\2.3.0\smallrye-config-2.3.0.jar;C:\Users\TMind\.m2\repository\io\smallrye\config\smallrye-config-core\2.3.0\smallrye-config-core-2.3.0.jar;C:\Users\TMind\.m2\repository\io\smallrye\common\smallrye-common-expression\1.6.0\smallrye-common-expression-1.6.0.jar;C:\Users\TMind\.m2\repository\io\smallrye\common\smallrye-common-function\1.6.0\smallrye-common-function-1.6.0.jar;C:\Users\TMind\.m2\repository\io\smallrye\common\smallrye-common-constraint\1.6.0\smallrye-common-constraint-1.6.0.jar;C:\Users\TMind\.m2\repository\io\smallrye\common\smallrye-common-classloader\1.6.0\smallrye-common-classloader-1.6.0.jar;C:\Users\TMind\.m2\repository\io\smallrye\config\smallrye-config-common\2.3.0\smallrye-config-common-2.3.0.jar;C:\Users\TMind\.m2\repository\org\jboss\logmanager\jboss-logmanager-embedded\1.0.9\jboss-logmanager-embedded-1.0.9.jar;C:\Users\TMind\.m2\repository\org\jboss\logging\jboss-logging-annotations\2.2.1.Final\jboss-logging-annotations-2.2.1.Final.jar;C:\Users\TMind\.m2\repository\org\jboss\threads\jboss-threads\3.4.0.Final\jboss-threads-3.4.0.Final.jar;C:\Users\TMind\.m2\repository\org\slf4j\slf4j-api\1.7.30\slf4j-api-1.7.30.jar;C:\Users\TMind\.m2\repository\org\jboss\slf4j\slf4j-jboss-logmanager\1.1.0.Final\slf4j-jboss-logmanager-1.1.0.Final.jar;C:\Users\TMind\.m2\repository\org\graalvm\sdk\graal-sdk\21.1.0\graal-sdk-21.1.0.jar;C:\Users\TMind\.m2\repository\org\wildfly\common\wildfly-common\1.5.4.Final-format-001\wildfly-common-1.5.4.Final-format-001.jar;C:\Users\TMind\.m2\repository\io\quarkus\quarkus-bootstrap-runner\2.0.2.Final\quarkus-bootstrap-runner-2.0.2.Final.jar;C:\Users\TMind\.m2\repository\io\quarkus\quarkus-vertx-core\2.0.2.Final\quarkus-vertx-core-2.0.2.Final.jar;C:\Users\TMind\.m2\repository\io\quarkus\quarkus-netty\2.0.2.Final\quarkus-netty-2.0.2.Final.jar;C:\Users\TMind\.m2\repository\io\netty\netty-codec\4.1.65.Final\netty-codec-4.1.65.Final.jar;C:\Users\TMind\.m2\repository\io\netty\netty-codec-http\4.1.65.Final\netty-codec-http-4.1.65.Final.jar;C:\Users\TMind\.m2\repository\io\netty\netty-codec-http2\4.1.65.Final\netty-codec-http2-4.1.65.Final.jar;C:\Users\TMind\.m2\repository\io\netty\netty-handler\4.1.65.Final\netty-handler-4.1.65.Final.jar;C:\Users\TMind\.m2\repository\io\netty\netty-codec-haproxy\4.1.65.Final\netty-codec-haproxy-4.1.65.Final.jar;C:\Users\TMind\.m2\repository\io\netty\netty-buffer\4.1.65.Final\netty-buffer-4.1.65.Final.jar;C:\Users\TMind\.m2\repository\io\netty\netty-transport\4.1.65.Final\netty-transport-4.1.65.Final.jar;C:\Users\TMind\.m2\repository\io\vertx\vertx-core\4.1.0\vertx-core-4.1.0.jar;C:\Users\TMind\.m2\repository\io\netty\netty-common\4.1.65.Final\netty-common-4.1.65.Final.jar;C:\Users\TMind\.m2\repository\io\netty\netty-handler-proxy\4.1.65.Final\netty-handler-proxy-4.1.65.Final.jar;C:\Users\TMind\.m2\repository\io\netty\netty-codec-socks\4.1.65.Final\netty-codec-socks-4.1.65.Final.jar;C:\Users\TMind\.m2\repository\io\netty\netty-resolver\4.1.65.Final\netty-resolver-4.1.65.Final.jar;C:\Users\TMind\.m2\repository\io\netty\netty-resolver-dns\4.1.65.Final\netty-resolver-dns-4.1.65.Final.jar;C:\Users\TMind\.m2\repository\io\netty\netty-codec-dns\4.1.65.Final\netty-codec-dns-4.1.65.Final.jar;C:\Users\TMind\.m2\repository\io\quarkus\quarkus-vertx-http\2.0.2.Final\quarkus-vertx-http-2.0.2.Final.jar;C:\Users\TMind\.m2\repository\io\quarkus\quarkus-security-runtime-spi\2.0.2.Final\quarkus-security-runtime-spi-2.0.2.Final.jar;C:\Users\TMind\.m2\repository\io\quarkus\quarkus-vertx-http-dev-console-runtime-spi\2.0.2.Final\quarkus-vertx-http-dev-console-runtime-spi-2.0.2.Final.jar;C:\Users\TMind\.m2\repository\io\quarkus\security\quarkus-security\1.1.4.Final\quarkus-security-1.1.4.Final.jar;C:\Users\TMind\.m2\repository\io\vertx\vertx-web\4.1.0\vertx-web-4.1.0.jar;C:\Users\TMind\.m2\repository\io\vertx\vertx-web-common\4.1.0\vertx-web-common-4.1.0.jar;C:\Users\TMind\.m2\repository\io\vertx\vertx-auth-common\4.1.0\vertx-auth-common-4.1.0.jar;C:\Users\TMind\.m2\repository\io\vertx\vertx-bridge-common\4.1.0\vertx-bridge-common-4.1.0.jar;C:\Users\TMind\.m2\repository\io\quarkus\quarkus-security\2.0.2.Final\quarkus-security-2.0.2.Final.jar;C:\Users\TMind\.m2\repository\jakarta\interceptor\jakarta.interceptor-api\1.2.5\jakarta.interceptor-api-1.2.5.jar;C:\Users\TMind\.m2\repository\io\quarkus\quarkus-jsonp\2.0.2.Final\quarkus-jsonp-2.0.2.Final.jar;C:\Users\TMind\.m2\repository\org\glassfish\jakarta.json\1.1.6\jakarta.json-1.1.6.jar;C:\Users\TMind\.m2\repository\io\quarkus\quarkus-oidc-common\2.0.2.Final\quarkus-oidc-common-2.0.2.Final.jar;C:\Users\TMind\.m2\repository\io\smallrye\reactive\smallrye-mutiny-vertx-web-client\2.7.0\smallrye-mutiny-vertx-web-client-2.7.0.jar;C:\Users\TMind\.m2\repository\io\vertx\vertx-web-client\4.1.0\vertx-web-client-4.1.0.jar;C:\Users\TMind\.m2\repository\io\smallrye\reactive\smallrye-mutiny-vertx-core\2.7.0\smallrye-mutiny-vertx-core-2.7.0.jar;C:\Users\TMind\.m2\repository\io\smallrye\reactive\smallrye-mutiny-vertx-runtime\2.7.0\smallrye-mutiny-vertx-runtime-2.7.0.jar;C:\Users\TMind\.m2\repository\io\smallrye\reactive\vertx-mutiny-generator\2.7.0\vertx-mutiny-generator-2.7.0.jar;C:\Users\TMind\.m2\repository\io\vertx\vertx-codegen\4.1.0\vertx-codegen-4.1.0.jar;C:\Users\TMind\.m2\repository\io\smallrye\reactive\smallrye-mutiny-vertx-auth-common\2.7.0\smallrye-mutiny-vertx-auth-common-2.7.0.jar;C:\Users\TMind\.m2\repository\io\smallrye\reactive\smallrye-mutiny-vertx-web-common\2.7.0\smallrye-mutiny-vertx-web-common-2.7.0.jar;C:\Users\TMind\.m2\repository\io\quarkus\quarkus-smallrye-jwt-build\2.0.2.Final\quarkus-smallrye-jwt-build-2.0.2.Final.jar;C:\Users\TMind\.m2\repository\io\smallrye\smallrye-jwt-build\3.2.0\smallrye-jwt-build-3.2.0.jar;C:\Users\TMind\.m2\repository\io\smallrye\smallrye-jwt\3.2.0\smallrye-jwt-3.2.0.jar;C:\Users\TMind\.m2\repository\org\eclipse\microprofile\config\microprofile-config-api\2.0\microprofile-config-api-2.0.jar;C:\Users\TMind\.m2\repository\org\eclipse\microprofile\jwt\microprofile-jwt-auth-api\1.2\microprofile-jwt-auth-api-1.2.jar;C:\Users\TMind\.m2\repository\org\bitbucket\b_c\jose4j\0.7.7\jose4j-0.7.7.jar;C:\Users\TMind\.m2\repository\io\smallrye\smallrye-jwt-common\3.2.0\smallrye-jwt-common-3.2.0.jar;C:\Users\TMind\.m2\repository\jakarta\annotation\jakarta.annotation-api\1.3.5\jakarta.annotation-api-1.3.5.jar;C:\Users\TMind\.m2\repository\io\quarkus\quarkus-keycloak-authorization\2.0.2.Final\quarkus-keycloak-authorization-2.0.2.Final.jar;C:\Users\TMind\.m2\repository\org\keycloak\keycloak-adapter-core\14.0.0\keycloak-adapter-core-14.0.0.jar;C:\Users\TMind\.m2\repository\org\keycloak\keycloak-core\14.0.0\keycloak-core-14.0.0.jar;C:\Users\TMind\.m2\repository\org\keycloak\keycloak-common\14.0.0\keycloak-common-14.0.0.jar;C:\Users\TMind\.m2\repository\org\bouncycastle\bcprov-jdk15on\1.68\bcprov-jdk15on-1.68.jar;C:\Users\TMind\.m2\repository\org\bouncycastle\bcpkix-jdk15on\1.68\bcpkix-jdk15on-1.68.jar;C:\Users\TMind\.m2\repository\org\keycloak\keycloak-adapter-spi\14.0.0\keycloak-adapter-spi-14.0.0.jar;C:\Users\TMind\.m2\repository\org\keycloak\keycloak-authz-client\14.0.0\keycloak-authz-client-14.0.0.jar;C:\Users\TMind\.m2\repository\io\quarkus\quarkus-apache-httpclient\2.0.2.Final\quarkus-apache-httpclient-2.0.2.Final.jar;C:\Users\TMind\.m2\repository\org\jboss\logging\commons-logging-jboss-logging\1.0.0.Final\commons-logging-jboss-logging-1.0.0.Final.jar;C:\Users\TMind\.m2\repository\io\quarkus\quarkus-arc\2.0.2.Final\quarkus-arc-2.0.2.Final.jar;C:\Users\TMind\.m2\repository\io\quarkus\arc\arc\2.0.2.Final\arc-2.0.2.Final.jar;C:\Users\TMind\.m2\repository\org\eclipse\microprofile\context-propagation\microprofile-context-propagation-api\1.2\microprofile-context-propagation-api-1.2.jar;C:\Users\TMind\.m2\repository\io\quarkus\quarkus-resteasy\2.0.2.Final\quarkus-resteasy-2.0.2.Final.jar;C:\Users\TMind\.m2\repository\io\quarkus\quarkus-resteasy-server-common\2.0.2.Final\quarkus-resteasy-server-common-2.0.2.Final.jar;C:\Users\TMind\.m2\repository\io\quarkus\quarkus-resteasy-common\2.0.2.Final\quarkus-resteasy-common-2.0.2.Final.jar;C:\Users\TMind\.m2\repository\org\jboss\resteasy\resteasy-core\4.6.1.Final\resteasy-core-4.6.1.Final.jar;C:\Users\TMind\.m2\repository\org\jboss\spec\javax\ws\rs\jboss-jaxrs-api_2.1_spec\2.0.1.Final\jboss-jaxrs-api_2.1_spec-2.0.1.Final.jar;C:\Users\TMind\.m2\repository\org\jboss\resteasy\resteasy-core-spi\4.6.1.Final\resteasy-core-spi-4.6.1.Final.jar;C:\Users\TMind\.m2\repository\com\ibm\async\asyncutil\0.1.0\asyncutil-0.1.0.jar;C:\Users\TMind\.m2\repository\jakarta\validation\jakarta.validation-api\2.0.2\jakarta.validation-api-2.0.2.jar;C:\Users\TMind\.m2\repository\io\quarkus\quarkus-junit5\2.0.2.Final\quarkus-junit5-2.0.2.Final.jar;C:\Users\TMind\.m2\repository\io\quarkus\quarkus-bootstrap-core\2.0.2.Final\quarkus-bootstrap-core-2.0.2.Final.jar;C:\Users\TMind\.m2\repository\io\quarkus\quarkus-bootstrap-app-model\2.0.2.Final\quarkus-bootstrap-app-model-2.0.2.Final.jar;C:\Users\TMind\.m2\repository\io\quarkus\quarkus-bootstrap-maven-resolver\2.0.2.Final\quarkus-bootstrap-maven-resolver-2.0.2.Final.jar;C:\Users\TMind\.m2\repository\org\apache\maven\maven-embedder\3.8.1\maven-embedder-3.8.1.jar;C:\Users\TMind\.m2\repository\org\apache\maven\maven-settings\3.8.1\maven-settings-3.8.1.jar;C:\Users\TMind\.m2\repository\org\apache\maven\maven-core\3.8.1\maven-core-3.8.1.jar;C:\Users\TMind\.m2\repository\org\apache\maven\maven-artifact\3.8.1\maven-artifact-3.8.1.jar;C:\Users\TMind\.m2\repository\org\codehaus\plexus\plexus-component-annotations\2.1.0\plexus-component-annotations-2.1.0.jar;C:\Users\TMind\.m2\repository\org\apache\maven\maven-plugin-api\3.8.1\maven-plugin-api-3.8.1.jar;C:\Users\TMind\.m2\repository\org\apache\maven\maven-model\3.8.1\maven-model-3.8.1.jar;C:\Users\TMind\.m2\repository\org\apache\maven\maven-model-builder\3.8.1\maven-model-builder-3.8.1.jar;C:\Users\TMind\.m2\repository\org\apache\maven\maven-builder-support\3.8.1\maven-builder-support-3.8.1.jar;C:\Users\TMind\.m2\repository\org\apache\maven\resolver\maven-resolver-api\1.6.2\maven-resolver-api-1.6.2.jar;C:\Users\TMind\.m2\repository\org\apache\maven\resolver\maven-resolver-util\1.6.2\maven-resolver-util-1.6.2.jar;C:\Users\TMind\.m2\repository\org\apache\maven\shared\maven-shared-utils\3.3.3\maven-shared-utils-3.3.3.jar;C:\Users\TMind\.m2\repository\com\google\inject\guice\4.2.1\guice-4.2.1-no_aop.jar;C:\Users\TMind\.m2\repository\com\google\guava\guava\30.1.1-jre\guava-30.1.1-jre.jar;C:\Users\TMind\.m2\repository\com\google\guava\failureaccess\1.0.1\failureaccess-1.0.1.jar;C:\Users\TMind\.m2\repository\com\google\guava\listenablefuture\9999.0-empty-to-avoid-conflict-with-guava\listenablefuture-9999.0-empty-to-avoid-conflict-with-guava.jar;C:\Users\TMind\.m2\repository\org\codehaus\plexus\plexus-utils\3.2.1\plexus-utils-3.2.1.jar;C:\Users\TMind\.m2\repository\org\codehaus\plexus\plexus-classworlds\2.6.0\plexus-classworlds-2.6.0.jar;C:\Users\TMind\.m2\repository\commons-cli\commons-cli\1.4\commons-cli-1.4.jar;C:\Users\TMind\.m2\repository\org\eclipse\sisu\org.eclipse.sisu.plexus\0.3.4\org.eclipse.sisu.plexus-0.3.4.jar;C:\Users\TMind\.m2\repository\org\apache\maven\maven-settings-builder\3.8.1\maven-settings-builder-3.8.1.jar;C:\Users\TMind\.m2\repository\org\codehaus\plexus\plexus-interpolation\1.25\plexus-interpolation-1.25.jar;C:\Users\TMind\.m2\repository\org\sonatype\plexus\plexus-sec-dispatcher\1.4\plexus-sec-dispatcher-1.4.jar;C:\Users\TMind\.m2\repository\org\sonatype\plexus\plexus-cipher\1.4\plexus-cipher-1.4.jar;C:\Users\TMind\.m2\repository\org\apache\maven\maven-resolver-provider\3.8.1\maven-resolver-provider-3.8.1.jar;C:\Users\TMind\.m2\repository\org\apache\maven\maven-repository-metadata\3.8.1\maven-repository-metadata-3.8.1.jar;C:\Users\TMind\.m2\repository\org\apache\maven\resolver\maven-resolver-spi\1.6.2\maven-resolver-spi-1.6.2.jar;C:\Users\TMind\.m2\repository\org\apache\maven\resolver\maven-resolver-impl\1.6.2\maven-resolver-impl-1.6.2.jar;C:\Users\TMind\.m2\repository\org\apache\maven\resolver\maven-resolver-connector-basic\1.6.2\maven-resolver-connector-basic-1.6.2.jar;C:\Users\TMind\.m2\repository\org\apache\maven\resolver\maven-resolver-transport-wagon\1.6.2\maven-resolver-transport-wagon-1.6.2.jar;C:\Users\TMind\.m2\repository\org\apache\maven\wagon\wagon-http\3.4.3\wagon-http-3.4.3.jar;C:\Users\TMind\.m2\repository\org\apache\maven\wagon\wagon-http-shared\3.4.3\wagon-http-shared-3.4.3.jar;C:\Users\TMind\.m2\repository\org\jsoup\jsoup\1.12.1\jsoup-1.12.1.jar;C:\Users\TMind\.m2\repository\org\apache\maven\wagon\wagon-provider-api\3.4.3\wagon-provider-api-3.4.3.jar;C:\Users\TMind\.m2\repository\org\apache\maven\wagon\wagon-file\3.4.3\wagon-file-3.4.3.jar;C:\Users\TMind\.m2\repository\io\quarkus\quarkus-bootstrap-gradle-resolver\2.0.2.Final\quarkus-bootstrap-gradle-resolver-2.0.2.Final.jar;C:\Users\TMind\.m2\repository\io\smallrye\common\smallrye-common-io\1.6.0\smallrye-common-io-1.6.0.jar;C:\Users\TMind\.m2\repository\org\eclipse\sisu\org.eclipse.sisu.inject\0.3.4\org.eclipse.sisu.inject-0.3.4.jar;C:\Users\TMind\.m2\repository\io\quarkus\quarkus-test-common\2.0.2.Final\quarkus-test-common-2.0.2.Final.jar;C:\Users\TMind\.m2\repository\io\quarkus\quarkus-core-deployment\2.0.2.Final\quarkus-core-deployment-2.0.2.Final.jar;C:\Users\TMind\.m2\repository\org\aesh\readline\2.1\readline-2.1.jar;C:\Users\TMind\.m2\repository\org\fusesource\jansi\jansi\1.18\jansi-1.18.jar;C:\Users\TMind\.m2\repository\io\quarkus\gizmo\gizmo\1.0.9.Final\gizmo-1.0.9.Final.jar;C:\Users\TMind\.m2\repository\org\ow2\asm\asm-util\9.1\asm-util-9.1.jar;C:\Users\TMind\.m2\repository\org\ow2\asm\asm-tree\9.1\asm-tree-9.1.jar;C:\Users\TMind\.m2\repository\org\ow2\asm\asm-analysis\9.1\asm-analysis-9.1.jar;C:\Users\TMind\.m2\repository\org\ow2\asm\asm\9.1\asm-9.1.jar;C:\Users\TMind\.m2\repository\io\quarkus\quarkus-class-change-agent\2.0.2.Final\quarkus-class-change-agent-2.0.2.Final.jar;C:\Users\TMind\.m2\repository\io\quarkus\quarkus-devtools-utilities\2.0.2.Final\quarkus-devtools-utilities-2.0.2.Final.jar;C:\Users\TMind\.m2\repository\io\quarkus\quarkus-builder\2.0.2.Final\quarkus-builder-2.0.2.Final.jar;C:\Users\TMind\.m2\repository\org\junit\platform\junit-platform-launcher\1.7.2\junit-platform-launcher-1.7.2.jar;C:\Users\TMind\.m2\repository\io\quarkus\quarkus-jsonp-deployment\2.0.2.Final\quarkus-jsonp-deployment-2.0.2.Final.jar;C:\Users\TMind\.m2\repository\org\jboss\jandex\2.3.0.Final\jandex-2.3.0.Final.jar;C:\Users\TMind\.m2\repository\org\junit\jupiter\junit-jupiter\5.7.2\junit-jupiter-5.7.2.jar;C:\Users\TMind\.m2\repository\org\junit\jupiter\junit-jupiter-api\5.7.2\junit-jupiter-api-5.7.2.jar;C:\Users\TMind\.m2\repository\org\apiguardian\apiguardian-api\1.1.0\apiguardian-api-1.1.0.jar;C:\Users\TMind\.m2\repository\org\opentest4j\opentest4j\1.2.0\opentest4j-1.2.0.jar;C:\Users\TMind\.m2\repository\org\junit\platform\junit-platform-commons\1.7.2\junit-platform-commons-1.7.2.jar;C:\Users\TMind\.m2\repository\org\junit\jupiter\junit-jupiter-params\5.7.2\junit-jupiter-params-5.7.2.jar;C:\Users\TMind\.m2\repository\org\junit\jupiter\junit-jupiter-engine\5.7.2\junit-jupiter-engine-5.7.2.jar;C:\Users\TMind\.m2\repository\org\junit\platform\junit-platform-engine\1.7.2\junit-platform-engine-1.7.2.jar;C:\Users\TMind\.m2\repository\com\thoughtworks\xstream\xstream\1.4.17\xstream-1.4.17.jar;C:\Users\TMind\.m2\repository\io\github\x-stream\mxparser\1.2.1\mxparser-1.2.1.jar;C:\Users\TMind\.m2\repository\xmlpull\xmlpull\1.1.3.1\xmlpull-1.1.3.1.jar;C:\Users\TMind\.m2\repository\io\rest-assured\rest-assured\4.4.0\rest-assured-4.4.0.jar;C:\Users\TMind\.m2\repository\org\codehaus\groovy\groovy\3.0.8\groovy-3.0.8.jar;C:\Users\TMind\.m2\repository\org\codehaus\groovy\groovy-xml\3.0.8\groovy-xml-3.0.8.jar;C:\Users\TMind\.m2\repository\org\apache\httpcomponents\httpclient\4.5.13\httpclient-4.5.13.jar;C:\Users\TMind\.m2\repository\org\apache\httpcomponents\httpcore\4.4.14\httpcore-4.4.14.jar;C:\Users\TMind\.m2\repository\commons-codec\commons-codec\1.15\commons-codec-1.15.jar;C:\Users\TMind\.m2\repository\org\apache\httpcomponents\httpmime\4.5.13\httpmime-4.5.13.jar;C:\Users\TMind\.m2\repository\org\hamcrest\hamcrest\2.1\hamcrest-2.1.jar;C:\Users\TMind\.m2\repository\org\ccil\cowan\tagsoup\tagsoup\1.2.1\tagsoup-1.2.1.jar;C:\Users\TMind\.m2\repository\io\rest-assured\json-path\4.4.0\json-path-4.4.0.jar;C:\Users\TMind\.m2\repository\org\codehaus\groovy\groovy-json\3.0.8\groovy-json-3.0.8.jar;C:\Users\TMind\.m2\repository\io\rest-assured\rest-assured-common\4.4.0\rest-assured-common-4.4.0.jar;C:\Users\TMind\.m2\repository\io\rest-assured\xml-path\4.4.0\xml-path-4.4.0.jar;C:\Users\TMind\.m2\repository\org\apache\commons\commons-lang3\3.12.0\commons-lang3-3.12.0.jar;C:\Users\TMind\.m2\repository\jakarta\xml\bind\jakarta.xml.bind-api\2.3.3\jakarta.xml.bind-api-2.3.3.jar;C:\Users\TMind\.m2\repository\jakarta\activation\jakarta.activation-api\1.2.1\jakarta.activation-api-1.2.1.jar;C:\Users\TMind\.m2\repository\com\sun\xml\bind\jaxb-impl\2.3.3\jaxb-impl-2.3.3.jar;C:\Users\TMind\.m2\repository\org\jboss\logmanager\log4j2-jboss-logmanager\1.0.0.Final\log4j2-jboss-logmanager-1.0.0.Final.jar;C:\Users\TMind\.m2\repository\org\apache\logging\log4j\log4j-api\2.14.0\log4j-api-2.14.0.jar;C:\Users\TMind\.m2\repository\io\quarkus\quarkus-hibernate-orm\2.0.2.Final\quarkus-hibernate-orm-2.0.2.Final.jar;C:\Users\TMind\.m2\repository\io\quarkus\quarkus-agroal\2.0.2.Final\quarkus-agroal-2.0.2.Final.jar;C:\Users\TMind\.m2\repository\io\quarkus\quarkus-datasource\2.0.2.Final\quarkus-datasource-2.0.2.Final.jar;C:\Users\TMind\.m2\repository\io\quarkus\quarkus-datasource-common\2.0.2.Final\quarkus-datasource-common-2.0.2.Final.jar;C:\Users\TMind\.m2\repository\org\jboss\narayana\jta\narayana-jta\5.11.2.Final\narayana-jta-5.11.2.Final.jar;C:\Users\TMind\.m2\repository\org\jboss\jboss-transaction-spi\7.6.0.Final\jboss-transaction-spi-7.6.0.Final.jar;C:\Users\TMind\.m2\repository\org\jboss\spec\javax\resource\jboss-connector-api_1.7_spec\1.0.0.Final\jboss-connector-api_1.7_spec-1.0.0.Final.jar;C:\Users\TMind\.m2\repository\org\jboss\narayana\jts\narayana-jts-integration\5.11.2.Final\narayana-jts-integration-5.11.2.Final.jar;C:\Users\TMind\.m2\repository\io\agroal\agroal-api\1.11\agroal-api-1.11.jar;C:\Users\TMind\.m2\repository\io\agroal\agroal-narayana\1.11\agroal-narayana-1.11.jar;C:\Users\TMind\.m2\repository\io\agroal\agroal-pool\1.11\agroal-pool-1.11.jar;C:\Users\TMind\.m2\repository\io\quarkus\quarkus-credentials\2.0.2.Final\quarkus-credentials-2.0.2.Final.jar;C:\Users\TMind\.m2\repository\io\quarkus\quarkus-narayana-jta\2.0.2.Final\quarkus-narayana-jta-2.0.2.Final.jar;C:\Users\TMind\.m2\repository\io\smallrye\smallrye-context-propagation-jta\1.2.0\smallrye-context-propagation-jta-1.2.0.jar;C:\Users\TMind\.m2\repository\io\smallrye\reactive\smallrye-reactive-converter-api\2.6.0\smallrye-reactive-converter-api-2.6.0.jar;C:\Users\TMind\.m2\repository\io\smallrye\reactive\smallrye-reactive-converter-mutiny\2.6.0\smallrye-reactive-converter-mutiny-2.6.0.jar;C:\Users\TMind\.m2\repository\org\hibernate\hibernate-core\5.5.3.Final\hibernate-core-5.5.3.Final.jar;C:\Users\TMind\.m2\repository\net\bytebuddy\byte-buddy\1.10.22\byte-buddy-1.10.22.jar;C:\Users\TMind\.m2\repository\antlr\antlr\2.7.7\antlr-2.7.7.jar;C:\Users\TMind\.m2\repository\com\fasterxml\classmate\1.5.1\classmate-1.5.1.jar;C:\Users\TMind\.m2\repository\org\hibernate\common\hibernate-commons-annotations\5.1.2.Final\hibernate-commons-annotations-5.1.2.Final.jar;C:\Users\TMind\.m2\repository\org\hibernate\hibernate-graalvm\5.5.3.Final\hibernate-graalvm-5.5.3.Final.jar;C:\Users\TMind\.m2\repository\org\glassfish\jaxb\jaxb-runtime\2.3.3-b02\jaxb-runtime-2.3.3-b02.jar;C:\Users\TMind\.m2\repository\org\glassfish\jaxb\txw2\2.3.3-b02\txw2-2.3.3-b02.jar;C:\Users\TMind\.m2\repository\com\sun\istack\istack-commons-runtime\3.0.10\istack-commons-runtime-3.0.10.jar;C:\Users\TMind\.m2\repository\com\sun\activation\jakarta.activation\1.2.1\jakarta.activation-1.2.1.jar;C:\Users\TMind\.m2\repository\jakarta\persistence\jakarta.persistence-api\2.2.3\jakarta.persistence-api-2.2.3.jar;C:\Users\TMind\.m2\repository\jakarta\transaction\jakarta.transaction-api\1.3.3\jakarta.transaction-api-1.3.3.jar;C:\Users\TMind\.m2\repository\org\hibernate\quarkus-local-cache\0.1.0\quarkus-local-cache-0.1.0.jar;C:\Users\TMind\.m2\repository\com\github\ben-manes\caffeine\caffeine\2.9.1\caffeine-2.9.1.jar;C:\Users\TMind\.m2\repository\com\google\errorprone\error_prone_annotations\2.2.0\error_prone_annotations-2.2.0.jar;C:\Users\TMind\.m2\repository\io\quarkus\quarkus-caffeine\2.0.2.Final\quarkus-caffeine-2.0.2.Final.jar;C:\Users\TMind\.m2\repository\io\quarkus\quarkus-jdbc-postgresql\2.0.2.Final\quarkus-jdbc-postgresql-2.0.2.Final.jar;C:\Users\TMind\.m2\repository\org\postgresql\postgresql\42.2.22\postgresql-42.2.22.jar;C:\Users\TMind\.m2\repository\io\quarkus\quarkus-mongodb-client\2.0.2.Final\quarkus-mongodb-client-2.0.2.Final.jar;C:\Users\TMind\.m2\repository\io\quarkus\quarkus-mutiny\2.0.2.Final\quarkus-mutiny-2.0.2.Final.jar;C:\Users\TMind\.m2\repository\io\smallrye\reactive\mutiny\0.17.0\mutiny-0.17.0.jar;C:\Users\TMind\.m2\repository\io\smallrye\common\smallrye-common-annotation\1.6.0\smallrye-common-annotation-1.6.0.jar;C:\Users\TMind\.m2\repository\io\quarkus\quarkus-smallrye-context-propagation\2.0.2.Final\quarkus-smallrye-context-propagation-2.0.2.Final.jar;C:\Users\TMind\.m2\repository\io\smallrye\smallrye-context-propagation\1.2.0\smallrye-context-propagation-1.2.0.jar;C:\Users\TMind\.m2\repository\io\smallrye\smallrye-context-propagation-api\1.2.0\smallrye-context-propagation-api-1.2.0.jar;C:\Users\TMind\.m2\repository\io\smallrye\smallrye-context-propagation-storage\1.2.0\smallrye-context-propagation-storage-1.2.0.jar;C:\Users\TMind\.m2\repository\io\smallrye\reactive\mutiny-smallrye-context-propagation\0.17.0\mutiny-smallrye-context-propagation-0.17.0.jar;C:\Users\TMind\.m2\repository\io\quarkus\quarkus-mutiny-reactive-streams-operators\2.0.2.Final\quarkus-mutiny-reactive-streams-operators-2.0.2.Final.jar;C:\Users\TMind\.m2\repository\org\eclipse\microprofile\reactive-streams-operators\microprofile-reactive-streams-operators-api\1.0.1\microprofile-reactive-streams-operators-api-1.0.1.jar;C:\Users\TMind\.m2\repository\org\eclipse\microprofile\reactive-streams-operators\microprofile-reactive-streams-operators-core\1.0.1\microprofile-reactive-streams-operators-core-1.0.1.jar;C:\Users\TMind\.m2\repository\io\smallrye\reactive\mutiny-reactive-streams-operators\0.17.0\mutiny-reactive-streams-operators-0.17.0.jar;C:\Users\TMind\.m2\repository\org\mongodb\mongodb-driver-sync\4.2.3\mongodb-driver-sync-4.2.3.jar;C:\Users\TMind\.m2\repository\org\mongodb\bson\4.2.3\bson-4.2.3.jar;C:\Users\TMind\.m2\repository\org\mongodb\mongodb-driver-core\4.2.3\mongodb-driver-core-4.2.3.jar;C:\Users\TMind\.m2\repository\org\mongodb\mongodb-driver-reactivestreams\4.2.3\mongodb-driver-reactivestreams-4.2.3.jar;C:\Users\TMind\.m2\repository\org\reactivestreams\reactive-streams\1.0.3\reactive-streams-1.0.3.jar;C:\Users\TMind\.m2\repository\io\projectreactor\reactor-core\3.4.5\reactor-core-3.4.5.jar;C:\Users\TMind\.m2\repository\org\mongodb\mongodb-crypt\1.2.0\mongodb-crypt-1.2.0.jar;C:\Users\TMind\.m2\repository\net\java\dev\jna\jna\5.3.1\jna-5.3.1.jar;C:\Users\TMind\.m2\repository\io\quarkus\quarkus-resteasy-jsonb\2.0.2.Final\quarkus-resteasy-jsonb-2.0.2.Final.jar;C:\Users\TMind\.m2\repository\io\quarkus\quarkus-jsonb\2.0.2.Final\quarkus-jsonb-2.0.2.Final.jar;C:\Users\TMind\.m2\repository\org\eclipse\yasson\1.0.9\yasson-1.0.9.jar;C:\Users\TMind\.m2\repository\org\jboss\resteasy\resteasy-json-binding-provider\4.6.1.Final\resteasy-json-binding-provider-4.6.1.Final.jar;C:\Users\TMind\.m2\repository\jakarta\json\bind\jakarta.json.bind-api\1.0.2\jakarta.json.bind-api-1.0.2.jar;C:\Users\TMind\.m2\repository\org\jboss\resteasy\resteasy-json-p-provider\4.6.1.Final\resteasy-json-p-provider-4.6.1.Final.jar;C:\Users\TMind\.m2\repository\commons-io\commons-io\2.8.0\commons-io-2.8.0.jar;C:\Users\TMind\.m2\repository\io\quarkus\quarkus-resteasy-qute\2.0.2.Final\quarkus-resteasy-qute-2.0.2.Final.jar;C:\Users\TMind\.m2\repository\io\quarkus\quarkus-qute\2.0.2.Final\quarkus-qute-2.0.2.Final.jar;C:\Users\TMind\.m2\repository\io\quarkus\qute\qute-core\2.0.2.Final\qute-core-2.0.2.Final.jar;C:\Users\TMind\.m2\repository\io\quarkus\quarkus-funqy-http\2.0.2.Final\quarkus-funqy-http-2.0.2.Final.jar;C:\Users\TMind\.m2\repository\io\quarkus\quarkus-funqy-server-common\2.0.2.Final\quarkus-funqy-server-common-2.0.2.Final.jar;"/>
    <property name="sun.cpu.endian" value="little"/>
    <property name="user.home" value="C:\Users\TMind"/>
    <property name="user.language" value="pt"/>
    <property name="java.specification.vendor" value="Oracle Corporation"/>
    <property name="io.netty.allocator.maxOrder" value="3"/>
    <property name="java.version.date" value="2021-07-20"/>
    <property name="java.home" value="C:\java\java-16\jdk-16.0.2"/>
    <property name="file.separator" value="\"/>
    <property name="basedir" value="C:\Users\TMind\Desktop\Trabalho"/>
    <property name="java.vm.compressedOopsMode" value="Zero based"/>
    <property name="line.separator" value="&#10;"/>
    <property name="java.vm.specification.vendor" value="Oracle Corporation"/>
    <property name="java.specification.name" value="Java Platform API Specification"/>
    <property name="surefire.real.class.path" value="C:\Users\TMind\AppData\Local\Temp\surefire5389872910270992907\surefirebooter9308430087513529618.jar"/>
    <property name="user.script" value=""/>
    <property name="sun.management.compiler" value="HotSpot 64-Bit Tiered Compilers"/>
    <property name="java.runtime.version" value="16.0.2+7-67"/>
    <property name="user.name" value="TMind"/>
    <property name="path.separator" value=";"/>
    <property name="os.version" value="10.0"/>
    <property name="java.runtime.name" value="OpenJDK Runtime Environment"/>
    <property name="file.encoding" value="Cp1252"/>
    <property name="sun.nio.ch.bugLevel" value=""/>
    <property name="java.vm.name" value="OpenJDK 64-Bit Server VM"/>
    <property name="localRepository" value="C:\Users\TMind\.m2\repository"/>
    <property name="java.vendor.url.bug" value="https://bugreport.java.com/bugreport/"/>
    <property name="java.io.tmpdir" value="C:\Users\TMind\AppData\Local\Temp\"/>
    <property name="quarkus.log.file.path" value="target\quarkus.log"/>
    <property name="java.version" value="16.0.2"/>
    <property name="user.dir" value="C:\Users\TMind\Desktop\Trabalho"/>
    <property name="os.arch" value="amd64"/>
    <property name="hibernate.bytecode.provider" value="none"/>
    <property name="java.vm.specification.name" value="Java Virtual Machine Specification"/>
    <property name="vertx.disableDnsResolver" value="true"/>
    <property name="sun.os.patch.level" value=""/>
    <property name="java.util.logging.manager" value="org.jboss.logmanager.LogManager"/>
    <property name="java.library.path" value="C:\java\java-16\jdk-16.0.2\bin;C:\WINDOWS\Sun\Java\bin;C:\WINDOWS\system32;C:\WINDOWS;C:\Users\TMind\Desktop\Trabalho\node_modules\.bin;C:\WINDOWS\system32;C:\WINDOWS;C:\WINDOWS\System32\Wbem;C:\WINDOWS\System32\WindowsPowerShell\v1.0\;C:\WINDOWS\System32\OpenSSH\;C:\Program Files\Docker\Docker\resources\bin;C:\ProgramData\DockerDesktop\version-bin;C:\Program Files\nodejs\;C:\Users\TMind\AppData\Local\Microsoft\WindowsApps;C:\Program Files\JetBrains\IntelliJ IDEA 2021.1.3\bin;C:\java\java-16\jdk-16.0.2\bin;C:\Users\TMind\AppData\Local\Programs\Microsoft VS Code\bin;C:\Users\TMind\AppData\Roaming\npm;C:\adb;C:\Users\TMind\AppData\Local\Microsoft\WindowsApps;C:\Program Files\JetBrains\IntelliJ IDEA 2021.1.3\bin;;C:\java\java-16\jdk-16.0.2\bin;;C:\Users\TMind\AppData\Local\Programs\Microsoft VS Code\bin;C:\Users\TMind\AppData\Roaming\npm;."/>
    <property name="java.vm.info" value="mixed mode, sharing"/>
    <property name="java.vendor" value="Oracle Corporation"/>
    <property name="java.vm.version" value="16.0.2+7-67"/>
    <property name="sun.io.unicode.encoding" value="UnicodeLittle"/>
    <property name="io.netty.machineId" value="97:f8:cd:cd:45:88:97:6e"/>
    <property name="java.class.version" value="60.0"/>
  </properties>
  <testcase name="testHelloEndpoint" classname="org.derirevest.GreetingResourceTest" time="0.813">
    <failure type="java.lang.AssertionError"><![CDATA[java.lang.AssertionError: 
1 expectation failed.
Expected status code <200> but was <400>.

	at org.derirevest.GreetingResourceTest.testHelloEndpoint(GreetingResourceTest.java:17)
]]></failure>
    <system-out><![CDATA[2021-10-09 09:49:23,195 WARN  [io.qua.mon.dep.DevServicesMongoProcessor] (build-43) Please configure datasource URL for default datasource or get a working docker instance
2021-10-09 09:49:23,282 WARN  [io.qua.arc.pro.BeanArchives] (build-35) Failed to index [Ljava.lang.Object;: Class does not exist in ClassLoader QuarkusClassLoader:Deployment Class Loader: TEST
2021-10-09 09:49:24,075 WARN  [io.qua.config] (main) Unrecognized configuration key "quarkus.application.autor" was provided; it will be ignored; verify that the dependency extension for this configuration is set or that you did not make a typo
2021-10-09 09:49:25,090 INFO  [org.key.ada.aut.PolicyEnforcer] (main) Paths provided in configuration.
2021-10-09 09:49:25,153 INFO  [org.mon.dri.cluster] (main) Cluster created with settings {hosts=[10.10.0.222:27017], mode=SINGLE, requiredClusterType=UNKNOWN, serverSelectionTimeout='30000 ms'}
2021-10-09 09:49:25,206 INFO  [org.mon.dri.connection] (cluster-rtt-ClusterId{value='6161579517bbce1e0e71a0ed', description='null'}-10.10.0.222:27017) Opened connection [connectionId{localValue:2, serverValue:1349}] to 10.10.0.222:27017
2021-10-09 09:49:25,206 INFO  [org.mon.dri.connection] (cluster-ClusterId{value='6161579517bbce1e0e71a0ed', description='null'}-10.10.0.222:27017) Opened connection [connectionId{localValue:1, serverValue:1350}] to 10.10.0.222:27017
2021-10-09 09:49:25,206 INFO  [org.mon.dri.cluster] (cluster-ClusterId{value='6161579517bbce1e0e71a0ed', description='null'}-10.10.0.222:27017) Monitor thread successfully connected to server with description ServerDescription{address=10.10.0.222:27017, type=STANDALONE, state=CONNECTED, ok=true, minWireVersion=0, maxWireVersion=13, maxDocumentSize=16777216, logicalSessionTimeoutMinutes=30, roundTripTimeNanos=18331500}
2021-10-09 09:49:25,566 WARN  [io.qua.qut.run.ContentTypes] (main) Unable to detect the content type for templates/Why i use qute and Vue.md; using application/octet-stream
2021-10-09 09:49:25,613 INFO  [org.mon.dri.connection] (main) Opened connection [connectionId{localValue:3, serverValue:1351}] to 10.10.0.222:27017
2021-10-09 09:49:25,706 INFO  [ListenerBean] (main) The application is starting...
2021-10-09 09:49:25,738 INFO  [io.quarkus] (main) Derirevest S.U Lda 0.1.0 on JVM (powered by Quarkus 2.0.2.Final) started in 3.921s. Listening on: http://0.0.0.0:8888
2021-10-09 09:49:25,738 INFO  [io.quarkus] (main) Profile test activated. 
2021-10-09 09:49:25,738 INFO  [io.quarkus] (main) Installed features: [agroal, cdi, hibernate-orm, jdbc-postgresql, keycloak-authorization, mongodb-client, narayana-jta, oidc, qute, resteasy, resteasy-jackson, resteasy-jsonb, resteasy-qute, security, smallrye-context-propagation]
]]></system-out>
  </testcase>
</testsuite>